<?xml version="1.0" encoding="UTF-8"?>
<!-- Generated by org.testng.reporters.JUnitXMLReporter -->
<testsuite ignored="0" hostname="Avyukts-MacBook-Air.local" failures="0" tests="2" name="UI Tests" time="3.433" errors="0" timestamp="2026-06-03T12:19:11 IST">
  <testcase classname="com.ecommerce.automation.tests.UI.LoginTest" name="verifyAddToCart" time="0.221"/>
  <testcase classname="com.ecommerce.automation.tests.UI.AddToCartTest" name="verifyAddToCart" time="0.181"/>
</testsuite> <!-- UI Tests -->
