<?xml version="1.0" encoding="UTF-8"?>
<testsuite xmlns:xsi="http://www.w3.org/2001/XMLSchema-instance" xsi:noNamespaceSchemaLocation="https://maven.apache.org/surefire/maven-surefire-plugin/xsd/surefire-test-report-3.0.xsd" version="3.0" name="TestSuite" time="3.719" tests="3" errors="0" skipped="0" failures="0">
  <properties>
[...]
</properties>
  <testcase name="getUserTest" classname="com.ecommerce.automation.tests.API.APITest" time="0.34">
    <system-out><![CDATA[2026-06-03 12:19:07,720 [TestNG-tests-1] INFO  com.ecommerce.automation.base.BaseTest - Initializing browser
2026-06-03 12:19:07,721 [TestNG-tests-1] INFO  com.ecommerce.automation.driver.DriverFactory - Launching Chrome Browser
Status Code: 200
]]></system-out>
  </testcase>
  <testcase name="verifyAddToCart" classname="com.ecommerce.automation.tests.UI.LoginTest" time="0.222">
    <system-out><![CDATA[2026-06-03 12:19:09,394 [TestNG-tests-1] INFO  com.ecommerce.automation.tests.UI.LoginTest - Application is logged in
]]></system-out>
    <system-err><![CDATA[[TestNG-tests-2] ERROR io.qameta.allure.AllureLifecycle - Could not stop test container: container with uuid 35bb242b-7b47-40b9-b08a-782ed41d1766 not found
[TestNG-tests-2] ERROR io.qameta.allure.AllureLifecycle - Could not write test container: container with uuid 35bb242b-7b47-40b9-b08a-782ed41d1766 not found
[TestNG-tests-1] INFO io.github.bonigarcia.wdm.WebDriverManager - Using chromedriver 148.0.7778.178 (resolved driver for Chrome 148)
[TestNG-tests-1] INFO io.github.bonigarcia.wdm.WebDriverManager - Exporting webdriver.chrome.driver as /Users/avyuktpandey/.cache/selenium/chromedriver/mac-arm64/148.0.7778.178/chromedriver
Jun 03, 2026 12:19:08 PM org.openqa.selenium.devtools.CdpVersionFinder findNearestMatch
WARNING: Unable to find CDP implementation matching 148
Jun 03, 2026 12:19:08 PM org.openqa.selenium.chromium.ChromiumDriver lambda$new$5
WARNING: Unable to find version of CDP to use for 148.0.7778.181. You may need to include a dependency on a specific version of the CDP using something similar to `org.seleniumhq.selenium:selenium-devtools-v86:4.25.0` where the version ("v86") matches the version of the chromium-based browser you're using and the version number of the artifact is the same as Selenium's.
]]></system-err>
  </testcase>
  <testcase name="verifyAddToCart" classname="com.ecommerce.automation.tests.UI.AddToCartTest" time="0.182">
    <system-out><![CDATA[2026-06-03 12:19:09,615 [TestNG-tests-1] INFO  com.ecommerce.automation.driver.DriverFactory - Closing browser instance
2026-06-03 12:19:09,701 [TestNG-tests-1] INFO  com.ecommerce.automation.base.BaseTest - Initializing browser
2026-06-03 12:19:09,701 [TestNG-tests-1] INFO  com.ecommerce.automation.driver.DriverFactory - Launching Chrome Browser
]]></system-out>
    <system-err><![CDATA[[TestNG-tests-1] INFO io.github.bonigarcia.wdm.WebDriverManager - Using chromedriver 148.0.7778.178 (resolved driver for Chrome 148)
[TestNG-tests-1] INFO io.github.bonigarcia.wdm.WebDriverManager - Exporting webdriver.chrome.driver as /Users/avyuktpandey/.cache/selenium/chromedriver/mac-arm64/148.0.7778.178/chromedriver
Jun 03, 2026 12:19:10 PM org.openqa.selenium.devtools.CdpVersionFinder findNearestMatch
WARNING: Unable to find CDP implementation matching 148
Jun 03, 2026 12:19:10 PM org.openqa.selenium.chromium.ChromiumDriver lambda$new$5
WARNING: Unable to find version of CDP to use for 148.0.7778.181. You may need to include a dependency on a specific version of the CDP using something similar to `org.seleniumhq.selenium:selenium-devtools-v86:4.25.0` where the version ("v86") matches the version of the chromium-based browser you're using and the version number of the artifact is the same as Selenium's.
]]></system-err>
  </testcase>
</testsuite>