<?xml version="1.0" encoding="UTF-8"?>
<testng-results ignored="0" total="3" passed="3" failed="0" skipped="0">
  <reporter-output>
  </reporter-output>
  <suite started-at="2026-06-03T15:37:19 IST" name="Ecommerce Suite" finished-at="2026-06-03T15:37:25 IST" duration-ms="6552">
    <groups>
    </groups>
    <test started-at="2026-06-03T15:37:19 IST" name="API Tests" finished-at="2026-06-03T15:37:19 IST" duration-ms="401">
      <class name="com.ecommerce.automation.tests.API.APITest">
        <test-method signature="getUserTest()[pri:0, instance:com.ecommerce.automation.tests.API.APITest@788fcafb]" started-at="2026-06-03T15:37:19 IST" name="getUserTest" finished-at="2026-06-03T15:37:19 IST" duration-ms="378" status="PASS">
          <reporter-output>
          </reporter-output>
        </test-method> <!-- getUserTest -->
      </class> <!-- com.ecommerce.automation.tests.API.APITest -->
    </test> <!-- API Tests -->
    <test started-at="2026-06-03T15:37:19 IST" name="UI Tests" finished-at="2026-06-03T15:37:25 IST" duration-ms="6552">
      <class name="com.ecommerce.automation.tests.UI.AddToCartTest">
        <test-method is-config="true" signature="setUp()[pri:0, instance:com.ecommerce.automation.tests.UI.AddToCartTest@478ee483]" started-at="2026-06-03T15:37:24 IST" name="setUp" finished-at="2026-06-03T15:37:25 IST" duration-ms="1594" status="PASS">
          <reporter-output>
          </reporter-output>
        </test-method> <!-- setUp -->
        <test-method signature="verifyAddToCart()[pri:0, instance:com.ecommerce.automation.tests.UI.AddToCartTest@478ee483]" started-at="2026-06-03T15:37:25 IST" name="verifyAddToCart" finished-at="2026-06-03T15:37:25 IST" duration-ms="183" status="PASS">
          <reporter-output>
          </reporter-output>
        </test-method> <!-- verifyAddToCart -->
        <test-method is-config="true" signature="tearDown()[pri:0, instance:com.ecommerce.automation.tests.UI.AddToCartTest@478ee483]" started-at="2026-06-03T15:37:25 IST" name="tearDown" finished-at="2026-06-03T15:37:25 IST" duration-ms="84" status="PASS">
          <reporter-output>
          </reporter-output>
        </test-method> <!-- tearDown -->
      </class> <!-- com.ecommerce.automation.tests.UI.AddToCartTest -->
      <class name="com.ecommerce.automation.tests.UI.LoginTest">
        <test-method is-config="true" signature="setUp()[pri:0, instance:com.ecommerce.automation.tests.UI.LoginTest@45905bff]" started-at="2026-06-03T15:37:19 IST" name="setUp" finished-at="2026-06-03T15:37:23 IST" duration-ms="4342" status="PASS">
          <reporter-output>
          </reporter-output>
        </test-method> <!-- setUp -->
        <test-method signature="verifyAddToCart()[pri:0, instance:com.ecommerce.automation.tests.UI.LoginTest@45905bff]" started-at="2026-06-03T15:37:23 IST" name="verifyAddToCart" finished-at="2026-06-03T15:37:24 IST" duration-ms="232" status="PASS">
          <reporter-output>
          </reporter-output>
        </test-method> <!-- verifyAddToCart -->
        <test-method is-config="true" signature="tearDown()[pri:0, instance:com.ecommerce.automation.tests.UI.LoginTest@45905bff]" started-at="2026-06-03T15:37:24 IST" name="tearDown" finished-at="2026-06-03T15:37:24 IST" duration-ms="81" status="PASS">
          <reporter-output>
          </reporter-output>
        </test-method> <!-- tearDown -->
      </class> <!-- com.ecommerce.automation.tests.UI.LoginTest -->
    </test> <!-- UI Tests -->
  </suite> <!-- Ecommerce Suite -->
</testng-results>
